====== Exec "sudo apt-get install --assume-yes build-essential wget git cmake ninja-build python3 virtualenv libtinfo-dev libtinfo5 zlib1g-dev libxml2-dev"
Reading package lists...
Building dependency tree...
Reading state information...
cmake is already the newest version (3.16.3-1ubuntu1).
libtinfo-dev is already the newest version (6.2-0ubuntu2).
python3 is already the newest version (3.8.2-0ubuntu2).
libtinfo5 is already the newest version (6.2-0ubuntu2).
ninja-build is already the newest version (1.10.0-1build1).
build-essential is already the newest version (12.8ubuntu1.1).
git is already the newest version (1:2.25.1-1ubuntu3.2).
libxml2-dev is already the newest version (2.9.10+dfsg-5ubuntu0.20.04.1).
wget is already the newest version (1.20.3-1ubuntu2).
zlib1g-dev is already the newest version (1:1.2.11.dfsg-2ubuntu1.2).
virtualenv is already the newest version (20.0.17-1ubuntu0.4).
The following packages were automatically installed and are no longer required:
  adium-theme-ubuntu command-not-found-data diffstat enchant example-content
  fwupdate g++-7 gir1.2-gtksource-3.0 gir1.2-harfbuzz-0.0 gir1.2-mutter-2
  gnome-user-guide guile-2.0-libs ifupdown intltool-debian javascript-common
  libapt-pkg-perl libarchive-zip-perl libargon2-0 libart-2.0-2
  libasync-mergepoint-perl libb-hooks-endofscope-perl libb-hooks-op-check-perl
  libbind9-160 libbison-dev libblkid-dev libboost-atomic1.65.1
  libboost-chrono1.65.1 libboost-date-time1.65.1 libboost-filesystem1.65.1
  libboost-iostreams1.65.1 libboost-locale1.65.1
  libboost-program-options1.65.1 libboost-regex1.65.1
  libboost-serialization1.65.1 libboost-system1.65.1 libboost-test1.65.1
  libboost-thread1.65.1 libbrlapi0.6 libc++abi1 libcamel-1.2-61
  libcapture-tiny-perl libcdio17 libcgi-fast-perl libcgi-pm-perl
  libclass-accessor-perl libclass-method-modifiers-perl
  libclass-xsaccessor-perl libclone-perl libcpanel-json-xs-perl
  libdevel-callchecker-perl libdevel-size-perl libdigest-bubblebabble-perl
  libdns-export1100 libdns1100 libdouble-conversion1
  libdynaloader-functions-perl libebook-contacts-1.2-2 libecal-1.2-19
  libedataserver-1.2-23 libemail-valid-perl libenchant1c2a libevent-2.1-6
  libevent-core-2.1-6 libevent-extra-2.1-6 libevent-openssl-2.1-6
  libevent-pthreads-2.1-6 libexempi3 libexiv2-14 libexporter-tiny-perl
  libfcgi-perl libffi6 libfile-copy-recursive-perl libfile-find-rule-perl
  libfont-ttf-perl libfuture-perl libgail-3-0 libgdbm5 libglib2.0-dev
  libglib2.0-dev-bin libgmime-3.0-0 libgnome-desktop-3-17 libgraphite2-dev
  libgsoap-2.8.60 libgspell-1-1 libgtksourceview-3.0-1
  libgtksourceview-3.0-common libgutenprint-common libgutenprint2
  libgutenprint9 libgweather-3-15 libharfbuzz-dev libharfbuzz-gobject0
  libhogweed4 libhttp-parser2.7.1 libhunspell-1.6-0 libicu-le-hb-dev
  libicu-le-hb0 libicu60 libiculx60 libilmbase12 libimport-into-perl
  libindicator3-7 libindicator7 libio-async-loop-epoll-perl libio-async-perl
  libio-pty-perl libio-string-perl libip4tc0 libip6tc0 libipc-run-perl
  libiptc0 libirs-export160 libirs160 libisc-export169 libisc169 libisccc160
  libisccfg-export160 libisccfg160 libisl19 libjs-jquery libjs-sphinxdoc
  libjs-underscore libjson-c3 libjson-maybexs-perl liblinear3
  liblinux-epoll-perl liblist-compare-perl liblist-moreutils-perl libllvm10
  liblouis14 liblouisutdml8 liblwres160 libmagickcore-6.q16-3
  libmagickcore-6.q16-3-extra libmagickwand-6.q16-3 libminiupnpc10 libmng2
  libmodule-implementation-perl libmodule-runtime-perl libmoo-perl
  libmoox-aliases-perl libmount-dev libmozjs-52-0 libmutter-2-0
  libmysqlclient20 libnamespace-clean-perl libncurses5 libncurses5-dev
  libnet-dns-perl libnet-dns-sec-perl libnet-domain-tld-perl libnet-ip-perl
  libnettle6 libnss-myhostname libntfs-3g88 libnumber-compare-perl liboauth0
  libopenexr22 liborcus-0.13-0 libpackage-stash-perl libpackage-stash-xs-perl
  libparams-classify-perl libparse-debianchangelog-perl libpath-tiny-perl
  libpcre16-3 libpcre2-dev libpcre2-posix2 libpcre3-dev libpcre32-3
  libpcrecpp0v5 libperl4-corelibs-perl libperl5.26 libperlio-gzip-perl
  libplymouth4 libpoppler73 libprotobuf10 libpython3.6 libpython3.6-minimal
  libpython3.6-stdlib libqgsttools-p1 libqpdf21 libraw16 libreadonly-perl
  libref-util-perl libref-util-xs-perl libreoffice-avmedia-backend-gstreamer
  libreoffice-style-galaxy librole-tiny-perl libsane1 libsdl-ttf2.0-0
  libselinux1-dev libsepol1-dev libsereal-decoder-perl libsereal-encoder-perl
  libsereal-perl libstd-rust-1.51 libstrictures-perl libstruct-dumb-perl
  libsub-exporter-progressive-perl libsub-identify-perl libsub-quote-perl
  libtest-fatal-perl libtest-refcount-perl libtext-glob-perl
  libtext-levenshtein-perl libtype-tiny-perl libtype-tiny-xs-perl
  libunicode-utf8-perl libusbmuxd4 libvariable-magic-perl libwireshark11
  libwiretap8 libwscodecs2 libwsutil9 libxapian30 libxml-simple-perl
  libxml-writer-perl libyaml-libyaml-perl libzeitgeist-2.0-0 light-themes
  lintian linux-headers-5.4.0-90 linux-headers-5.4.0-90-generic
  linux-image-5.4.0-90-generic linux-modules-5.4.0-90-generic
  linux-modules-extra-5.4.0-90-generic nplan patchutils pppconfig pppoeconf
  printer-driver-gutenprint python-backports.functools-lru-cache
  python-concurrent.futures python-configparser python-egenix-mxdatetime
  python-egenix-mxtools python-enum34 python-isort python-lazy-object-proxy
  python-mccabe python-singledispatch python-six python-talloc python-wrapt
  python3-asn1crypto python3-oauth python3-zope.interface python3.6
  python3.6-minimal qpdf qtchooser qtcore4-l10n rust-gdb shim t1utils
  ubuntu-artwork ubuntu-software ubuntu-system-service uuid-dev
  xserver-xorg-core-hwe-18.04 xserver-xorg-hwe-18.04
  xserver-xorg-input-all-hwe-18.04 xserver-xorg-input-libinput-hwe-18.04
  xserver-xorg-input-wacom-hwe-18.04 xserver-xorg-legacy-hwe-18.04
  xserver-xorg-video-all-hwe-18.04 xserver-xorg-video-amdgpu-hwe-18.04
  xserver-xorg-video-ati-hwe-18.04 xserver-xorg-video-fbdev-hwe-18.04
  xserver-xorg-video-intel-hwe-18.04 xserver-xorg-video-nouveau-hwe-18.04
  xserver-xorg-video-qxl-hwe-18.04 xserver-xorg-video-radeon-hwe-18.04
  xserver-xorg-video-vesa-hwe-18.04 xserver-xorg-video-vmware-hwe-18.04
  zeitgeist-core
Use 'sudo apt autoremove' to remove them.
0 to upgrade, 0 to newly install, 0 to remove and 15 not to upgrade.
====== Done
